<?xml version="1.0" encoding="UTF-8"?>
<testng-results ignored="0" total="1" passed="1" failed="0" skipped="0">
  <reporter-output>
  </reporter-output>
  <suite started-at="2024-09-08T20:16:55 IST" name="Surefire suite" finished-at="2024-09-08T20:17:08 IST" duration-ms="13384">
    <groups>
    </groups>
    <test started-at="2024-09-08T20:16:55 IST" name="Surefire test" finished-at="2024-09-08T20:17:08 IST" duration-ms="13384">
      <class name="com.datadriven.test.LoginTest">
        <test-method signature="openBrowser()[pri:0, instance:com.datadriven.test.LoginTest@23282c25]" started-at="2024-09-08T20:16:55 IST" name="openBrowser" finished-at="2024-09-08T20:17:08 IST" duration-ms="13278" status="PASS">
          <reporter-output>
          </reporter-output>
        </test-method> <!-- openBrowser -->
      </class> <!-- com.datadriven.test.LoginTest -->
    </test> <!-- Surefire test -->
  </suite> <!-- Surefire suite -->
</testng-results>
