<?xml version="1.0" encoding="UTF-8"?>
<testng-results ignored="0" total="1" passed="1" failed="0" skipped="0">
  <reporter-output>
  </reporter-output>
  <suite started-at="2024-09-07T20:53:30 IST" name="Default suite" finished-at="2024-09-07T20:53:44 IST" duration-ms="14717">
    <groups>
    </groups>
    <test started-at="2024-09-07T20:53:30 IST" name="Default test" finished-at="2024-09-07T20:53:44 IST" duration-ms="14717">
      <class name="com.datadriven.test.LoginTest">
        <test-method is-config="true" signature="openBrowser()[pri:0, instance:com.datadriven.test.LoginTest@1349883]" started-at="2024-09-07T20:53:30 IST" name="openBrowser" finished-at="2024-09-07T20:53:44 IST" duration-ms="14357" status="PASS">
          <reporter-output>
          </reporter-output>
        </test-method> <!-- openBrowser -->
        <test-method signature="verifyLogin2()[pri:0, instance:com.datadriven.test.LoginTest@1349883]" started-at="2024-09-07T20:53:44 IST" name="verifyLogin2" finished-at="2024-09-07T20:53:44 IST" duration-ms="110" status="PASS">
          <reporter-output>
          </reporter-output>
        </test-method> <!-- verifyLogin2 -->
      </class> <!-- com.datadriven.test.LoginTest -->
    </test> <!-- Default test -->
  </suite> <!-- Default suite -->
</testng-results>
